<?xml version="1.0" encoding="UTF-8"?>
<!-- Generated by org.testng.reporters.JUnitReportReporter -->
<testsuite hostname="DESKTOP-NIAVJKT" failures="0" tests="3" name="ecommerce.test1" time="0.011" errors="0" timestamp="2022-03-29T00:51:55 EDT" skipped="0">
  <testcase classname="ecommerce.test1" name="A" time="0.009"/>
  <system-out/>
  <testcase classname="ecommerce.test1" name="stop" time="0.001"/>
  <system-out/>
  <testcase classname="ecommerce.test1" name="start" time="0.001"/>
  <system-out/>
</testsuite> <!-- ecommerce.test1 -->
