<?xml version="1.0" encoding="UTF-8"?>
<!-- Generated by org.testng.reporters.JUnitReportReporter -->
<testsuite hostname="DESKTOP-NIAVJKT" failures="0" tests="1" name="ecommerce.Test_POM" time="274.200" errors="0" timestamp="2022-04-06T12:00:53 EDT" skipped="0">
  <testcase classname="ecommerce.Test_POM" name="loginPageTitleTest" time="274.200"/>
  <system-out/>
</testsuite> <!-- ecommerce.Test_POM -->
