<?xml version="1.0" encoding="UTF-8"?>
<!-- Generated by org.testng.reporters.JUnitReportReporter -->
<testsuite hostname="DESKTOP-NIAVJKT" failures="0" tests="1" name="ecommerce.Costco_test" time="242.578" errors="0" timestamp="2022-04-06T00:40:57 EDT" skipped="0">
  <testcase classname="ecommerce.Costco_test" name="costco_login" time="242.578"/>
  <system-out/>
</testsuite> <!-- ecommerce.Costco_test -->
