<?xml version="1.0" encoding="UTF-8"?>
<!-- Generated by org.testng.reporters.JUnitReportReporter -->
<testsuite hostname="DESKTOP-NIAVJKT" failures="0" tests="1" name="ecommerce.walmart_main" time="196.449" errors="0" timestamp="2022-04-05T14:59:25 EDT" skipped="0">
  <testcase classname="ecommerce.walmart_main" name="walmart" time="196.449"/>
  <system-out/>
</testsuite> <!-- ecommerce.walmart_main -->
